Using pre-set license
Built from '2021.3/staging' branch; Version is '2021.3.15f1 (e8e88683f834) revision 15263878'; Using compiler version '192829333'; Build Type 'Release'
OS: 'Windows 11  (10.0.22000) 64bit Core' Language: 'en' Physical Memory: 16125 MB
BatchMode: 1, IsHumanControllingUs: 0, StartBugReporterOnCrash: 0, Is64bit: 1, IsPro: 1

COMMAND LINE ARGUMENTS:
C:\Program Files\Unity\Hub\Editor\2021.3.15f1\Editor\Unity.exe
-adb2
-batchMode
-noUpm
-name
AssetImportWorker10
-projectPath
C:/Users/nicol/Documents/SCFG_A02/SCFG_Assignment_Part2/SCFG_A02_RiseOfTheGolems
-logFile
Logs/AssetImportWorker10.log
-srvPort
54716
Successfully changed project path to: C:/Users/nicol/Documents/SCFG_A02/SCFG_Assignment_Part2/SCFG_A02_RiseOfTheGolems
C:/Users/nicol/Documents/SCFG_A02/SCFG_Assignment_Part2/SCFG_A02_RiseOfTheGolems
[UnityMemory] Configuration Parameters - Can be set up in boot.config
    "memorysetup-bucket-allocator-granularity=16"
    "memorysetup-bucket-allocator-bucket-count=8"
    "memorysetup-bucket-allocator-block-size=33554432"
    "memorysetup-bucket-allocator-block-count=8"
    "memorysetup-main-allocator-block-size=16777216"
    "memorysetup-thread-allocator-block-size=16777216"
    "memorysetup-gfx-main-allocator-block-size=16777216"
    "memorysetup-gfx-thread-allocator-block-size=16777216"
    "memorysetup-cache-allocator-block-size=4194304"
    "memorysetup-typetree-allocator-block-size=2097152"
    "memorysetup-profiler-bucket-allocator-granularity=16"
    "memorysetup-profiler-bucket-allocator-bucket-count=8"
    "memorysetup-profiler-bucket-allocator-block-size=33554432"
    "memorysetup-profiler-bucket-allocator-block-count=8"
    "memorysetup-profiler-allocator-block-size=16777216"
    "memorysetup-profiler-editor-allocator-block-size=1048576"
    "memorysetup-temp-allocator-size-main=16777216"
    "memorysetup-job-temp-allocator-block-size=2097152"
    "memorysetup-job-temp-allocator-block-size-background=1048576"
    "memorysetup-job-temp-allocator-reduction-small-platforms=262144"
    "memorysetup-temp-allocator-size-background-worker=32768"
    "memorysetup-temp-allocator-size-job-worker=262144"
    "memorysetup-temp-allocator-size-preload-manager=33554432"
    "memorysetup-temp-allocator-size-nav-mesh-worker=65536"
    "memorysetup-temp-allocator-size-audio-worker=65536"
    "memorysetup-temp-allocator-size-cloud-worker=32768"
    "memorysetup-temp-allocator-size-gi-baking-worker=262144"
    "memorysetup-temp-allocator-size-gfx=262144"
Player connection [25856] Host "[IP] 10.20.53.176 [Port] 0 [Flags] 2 [Guid] 3865952712 [EditorId] 3865952712 [Version] 1048832 [Id] WindowsEditor(7,AORUS-DESKTOP) [Debug] 1 [PackageName] WindowsEditor [ProjectName] Editor" joined multi-casting on [225.0.0.222:54997]...

Player connection [25856] Host "[IP] 10.20.53.176 [Port] 0 [Flags] 2 [Guid] 3865952712 [EditorId] 3865952712 [Version] 1048832 [Id] WindowsEditor(7,AORUS-DESKTOP) [Debug] 1 [PackageName] WindowsEditor [ProjectName] Editor" joined alternative multi-casting on [225.0.0.222:34997]...

Refreshing native plugins compatible for Editor in 94.10 ms, found 3 plugins.
Preloading 0 native plugins for Editor in 0.00 ms.
Initialize engine version: 2021.3.15f1 (e8e88683f834)
[Subsystems] Discovering subsystems at path C:/Program Files/Unity/Hub/Editor/2021.3.15f1/Editor/Data/Resources/UnitySubsystems
[Subsystems] Discovering subsystems at path C:/Users/nicol/Documents/SCFG_A02/SCFG_Assignment_Part2/SCFG_A02_RiseOfTheGolems/Assets
GfxDevice: creating device client; threaded=0; jobified=0
Direct3D:
    Version:  Direct3D 11.0 [level 11.1]
    Renderer: Intel(R) UHD Graphics (ID=0x9a60)
    Vendor:   Intel
    VRAM:     8062 MB
    Driver:   30.0.101.1069
Initialize mono
Mono path[0] = 'C:/Program Files/Unity/Hub/Editor/2021.3.15f1/Editor/Data/Managed'
Mono path[1] = 'C:/Program Files/Unity/Hub/Editor/2021.3.15f1/Editor/Data/MonoBleedingEdge/lib/mono/unityjit-win32'
Mono config path = 'C:/Program Files/Unity/Hub/Editor/2021.3.15f1/Editor/Data/MonoBleedingEdge/etc'
Using monoOptions --debugger-agent=transport=dt_socket,embedding=1,server=y,suspend=n,address=127.0.0.1:56372
Begin MonoManager ReloadAssembly
Registering precompiled unity dll's ...
Register platform support module: C:/Program Files/Unity/Hub/Editor/2021.3.15f1/Editor/Data/PlaybackEngines/AndroidPlayer/UnityEditor.Android.Extensions.dll
Register platform support module: C:/Program Files/Unity/Hub/Editor/2021.3.15f1/Editor/Data/PlaybackEngines/WindowsStandaloneSupport/UnityEditor.WindowsStandalone.Extensions.dll
Registered in 0.010652 seconds.
Native extension for WindowsStandalone target not found
Native extension for Android target not found
Android SDK Build-tools component is not found. Make sure all tools are installed in the SDK manager. Latest supported build-tools version is 30.0.3
UnityEngine.StackTraceUtility:ExtractStackTrace ()
UnityEngine.DebugLogHandler:LogFormat (UnityEngine.LogType,UnityEngine.Object,string,object[])
UnityEngine.Logger:Log (UnityEngine.LogType,object)
UnityEngine.Debug:LogError (object)
UnityEditor.Android.AndroidSDKTools:UpdateToolsDirectories ()
UnityEditor.Android.AndroidSDKTools:.ctor (string)
UnityEditor.Android.AndroidSDKTools:CreateAndroidSDKTools (string)
UnityEditor.Android.AndroidSDKTools:GetInstance<UnityEditor.Android.AndroidSDKTools> (UnityEditor.Android.AndroidSDKTools/InstanceCreator)
UnityEditor.Android.AndroidSDKTools:GetInstance ()
UnityEditor.Android.AndroidDeploymentTargetsExtension:GetMainThreadContext (bool)
UnityEditor.Android.TargetExtension:OnUsbDevicesChanged (UnityEditor.Hardware.UsbDevice[])
UnityEditor.Android.TargetExtension:OnLoad ()
UnityEditor.Modules.ModuleManager:InitializePlatformSupportModules ()

Refreshing native plugins compatible for Editor in 153.72 ms, found 3 plugins.
Preloading 0 native plugins for Editor in 0.00 ms.
Mono: successfully reloaded assembly
- Completed reload, in  1.041 seconds
Domain Reload Profiling:
	ReloadAssembly (1041ms)
		BeginReloadAssembly (114ms)
			ExecutionOrderSort (0ms)
			DisableScriptedObjects (0ms)
			BackupInstance (0ms)
			ReleaseScriptingObjects (0ms)
			CreateAndSetChildDomain (1ms)
		EndReloadAssembly (761ms)
			LoadAssemblies (110ms)
			RebuildTransferFunctionScriptingTraits (0ms)
			SetupTypeCache (169ms)
			ReleaseScriptCaches (0ms)
			RebuildScriptCaches (52ms)
			SetupLoadedEditorAssemblies (464ms)
				LogAssemblyErrors (0ms)
				InitializePlatformSupportModulesInManaged (106ms)
				SetLoadedEditorAssemblies (1ms)
				RefreshPlugins (154ms)
				BeforeProcessingInitializeOnLoad (2ms)
				ProcessInitializeOnLoadAttributes (133ms)
				ProcessInitializeOnLoadMethodAttributes (67ms)
				AfterProcessingInitializeOnLoad (0ms)
				EditorAssembliesLoaded (0ms)
			ExecutionOrderSort2 (0ms)
			AwakeInstancesAfterBackupRestoration (0ms)
Platform modules already initialized, skipping
Registering precompiled user dll's ...
Registered in 0.011583 seconds.
Begin MonoManager ReloadAssembly
Symbol file LoadedFromMemory doesn't match image C:\Users\nicol\Documents\SCFG_A02\SCFG_Assignment_Part2\SCFG_A02_RiseOfTheGolems\Library\PackageCache\com.unity.visualscripting@1.7.8\Editor\VisualScripting.Core\Dependencies\YamlDotNet\Unity.VisualScripting.YamlDotNet.dll
Symbol file LoadedFromMemory doesn't match image C:\Users\nicol\Documents\SCFG_A02\SCFG_Assignment_Part2\SCFG_A02_RiseOfTheGolems\Library\PackageCache\com.unity.visualscripting@1.7.8\Editor\VisualScripting.Core\Dependencies\DotNetZip\Unity.VisualScripting.IonicZip.dll
Native extension for WindowsStandalone target not found
Native extension for Android target not found
Refreshing native plugins compatible for Editor in 0.73 ms, found 3 plugins.
Preloading 0 native plugins for Editor in 0.00 ms.
Mono: successfully reloaded assembly
- Completed reload, in  1.314 seconds
Domain Reload Profiling:
	ReloadAssembly (1316ms)
		BeginReloadAssembly (205ms)
			ExecutionOrderSort (0ms)
			DisableScriptedObjects (8ms)
			BackupInstance (0ms)
			ReleaseScriptingObjects (0ms)
			CreateAndSetChildDomain (49ms)
		EndReloadAssembly (942ms)
			LoadAssemblies (159ms)
			RebuildTransferFunctionScriptingTraits (0ms)
			SetupTypeCache (335ms)
			ReleaseScriptCaches (1ms)
			RebuildScriptCaches (46ms)
			SetupLoadedEditorAssemblies (412ms)
				LogAssemblyErrors (0ms)
				InitializePlatformSupportModulesInManaged (16ms)
				SetLoadedEditorAssemblies (0ms)
				RefreshPlugins (1ms)
				BeforeProcessingInitializeOnLoad (91ms)
				ProcessInitializeOnLoadAttributes (265ms)
				ProcessInitializeOnLoadMethodAttributes (30ms)
				AfterProcessingInitializeOnLoad (9ms)
				EditorAssembliesLoaded (0ms)
			ExecutionOrderSort2 (0ms)
			AwakeInstancesAfterBackupRestoration (7ms)
Platform modules already initialized, skipping
========================================================================
Worker process is ready to serve import requests
Launched and connected shader compiler UnityShaderCompiler.exe after 0.16 seconds

=================================================================
	Native Crash Reporting
=================================================================
Got a UNKNOWN while executing native code. This usually indicates
a fatal error in the mono runtime or one of the native libraries 
used by your application.
=================================================================

=================================================================
	Managed Stacktrace:
=================================================================
=================================================================
Received signal SIGSEGV
Obtained 46 stack frames
0x00007ffa788e981c (igd10iumd64) OpenAdapter10_2
0x00007ffa788e811f (igd10iumd64) OpenAdapter10_2
0x00007ffa788e7f3d (igd10iumd64) OpenAdapter10_2
0x00007ffa78834423 (igd10iumd64) OpenAdapter10_2
0x00007ffa788387ab (igd10iumd64) OpenAdapter10_2
0x00007ffa7871ba98 (igd10iumd64) 
0x00007ffa7871b9ea (igd10iumd64) 
0x00007ffa7871b928 (igd10iumd64) 
0x00007ffa787acc11 (igd10iumd64) OpenAdapter10_2
0x00007ffa7d1815f6 (d3d11) D3D11CoreCreateDevice
0x00007ffa7d1594e1 (d3d11) D3D11CoreCreateDevice
0x00007ffa7d15929d (d3d11) D3D11CoreCreateDevice
0x00007ffa7d1746d2 (d3d11) D3D11CoreCreateDevice
0x00007ffa7d17230a (d3d11) D3D11CoreCreateDevice
0x00007ffa7d172982 (d3d11) D3D11CoreCreateDevice
0x00007ffa7d18100a (d3d11) D3D11CoreCreateDevice
0x00007ffa7d180f65 (d3d11) D3D11CoreCreateDevice
0x00007ffa7d180d38 (d3d11) D3D11CoreCreateDevice
0x00007ff77e590058 (Unity) D3D11VertexShader::Create
0x00007ff77e58b5d8 (Unity) D3D11VertexShader::D3D11VertexShader
0x00007ff77e395210 (Unity) CreateGpuProgram
0x00007ff77e6285a5 (Unity) GfxDeviceClient::CreateGpuProgram
0x00007ff77e22e621 (Unity) ShaderLab::SubProgram::Compile
0x00007ff77ef00900 (Unity) FinalizeVariant
0x00007ff77ef02c28 (Unity) GetSubProgramForShaderSnippet
0x00007ff77e22ede0 (Unity) ShaderLab::Program::CompileShaderSubProgram
0x00007ff77e23024b (Unity) ShaderLab::Program::GetMatchingSubProgram
0x00007ff77e236dec (Unity) ShaderLab::ShaderState::FindSubProgramsToUse
0x00007ff77e22a017 (Unity) ShaderLab::Pass::PrepareVariant
0x00007ff77e2194fb (Unity) ShaderVariantCollection::WarmupOneShaderImpl
0x00007ff77e219d7a (Unity) ShaderVariantCollection::WarmupShadersImpl
0x00007ff77ef0c136 (Unity) WarmupEditorShaders
0x00007ff77fb9ce6e (Unity) Shader::ReloadAllShaders
0x00007ff77f83d91d (Unity) <lambda_5d5f28883b21eaed4d2de4c589ad146f>::operator()
0x00007ff77f87eaa2 (Unity) asio::detail::completion_handler<core::mutable_function<void __cdecl(void)>,asio::io_context::basic_executor_type<std::allocator<void>,0> >::do_complete
0x00007ff77f86a98e (Unity) asio::detail::win_iocp_io_context::do_one
0x00007ff77f86c5be (Unity) asio::detail::win_iocp_io_context::run
0x00007ff77f87ce8e (Unity) IOService::Run
0x00007ff77f84fa9f (Unity) AssetImportWorkerClient::Run
0x00007ff77f819ae3 (Unity) RunAssetImportWorkerClientV2
0x00007ff77f819b6b (Unity) RunAssetImporterV2
0x00007ff77f036208 (Unity) Application::InitializeProject
0x00007ff77f49a758 (Unity) WinMain
0x00007ff78083cade (Unity) __scrt_common_main_seh
0x00007ffa862555a0 (KERNEL32) BaseThreadInitThunk
0x00007ffa8742485b (ntdll) RtlUserThreadStart

