Using pre-set license
Built from '2021.3/staging' branch; Version is '2021.3.15f1 (e8e88683f834) revision 15263878'; Using compiler version '192829333'; Build Type 'Release'
OS: 'Windows 11  (10.0.22000) 64bit Core' Language: 'en' Physical Memory: 16125 MB
BatchMode: 1, IsHumanControllingUs: 0, StartBugReporterOnCrash: 0, Is64bit: 1, IsPro: 1

COMMAND LINE ARGUMENTS:
C:\Program Files\Unity\Hub\Editor\2021.3.15f1\Editor\Unity.exe
-adb2
-batchMode
-noUpm
-name
AssetImportWorker2
-projectPath
C:/Users/nicol/Documents/SCFG_A02/SCFG_Assignment_Part2/SCFG_A02_RiseOfTheGolems
-logFile
Logs/AssetImportWorker2.log
-srvPort
54716
Successfully changed project path to: C:/Users/nicol/Documents/SCFG_A02/SCFG_Assignment_Part2/SCFG_A02_RiseOfTheGolems
C:/Users/nicol/Documents/SCFG_A02/SCFG_Assignment_Part2/SCFG_A02_RiseOfTheGolems
[UnityMemory] Configuration Parameters - Can be set up in boot.config
    "memorysetup-bucket-allocator-granularity=16"
    "memorysetup-bucket-allocator-bucket-count=8"
    "memorysetup-bucket-allocator-block-size=33554432"
    "memorysetup-bucket-allocator-block-count=8"
    "memorysetup-main-allocator-block-size=16777216"
    "memorysetup-thread-allocator-block-size=16777216"
    "memorysetup-gfx-main-allocator-block-size=16777216"
    "memorysetup-gfx-thread-allocator-block-size=16777216"
    "memorysetup-cache-allocator-block-size=4194304"
    "memorysetup-typetree-allocator-block-size=2097152"
    "memorysetup-profiler-bucket-allocator-granularity=16"
    "memorysetup-profiler-bucket-allocator-bucket-count=8"
    "memorysetup-profiler-bucket-allocator-block-size=33554432"
    "memorysetup-profiler-bucket-allocator-block-count=8"
    "memorysetup-profiler-allocator-block-size=16777216"
    "memorysetup-profiler-editor-allocator-block-size=1048576"
    "memorysetup-temp-allocator-size-main=16777216"
    "memorysetup-job-temp-allocator-block-size=2097152"
    "memorysetup-job-temp-allocator-block-size-background=1048576"
    "memorysetup-job-temp-allocator-reduction-small-platforms=262144"
    "memorysetup-temp-allocator-size-background-worker=32768"
    "memorysetup-temp-allocator-size-job-worker=262144"
    "memorysetup-temp-allocator-size-preload-manager=33554432"
    "memorysetup-temp-allocator-size-nav-mesh-worker=65536"
    "memorysetup-temp-allocator-size-audio-worker=65536"
    "memorysetup-temp-allocator-size-cloud-worker=32768"
    "memorysetup-temp-allocator-size-gi-baking-worker=262144"
    "memorysetup-temp-allocator-size-gfx=262144"
Player connection [22668] Host "[IP] 10.20.53.176 [Port] 0 [Flags] 2 [Guid] 1754627485 [EditorId] 1754627485 [Version] 1048832 [Id] WindowsEditor(7,AORUS-DESKTOP) [Debug] 1 [PackageName] WindowsEditor [ProjectName] Editor" joined multi-casting on [225.0.0.222:54997]...

Player connection [22668] Host "[IP] 10.20.53.176 [Port] 0 [Flags] 2 [Guid] 1754627485 [EditorId] 1754627485 [Version] 1048832 [Id] WindowsEditor(7,AORUS-DESKTOP) [Debug] 1 [PackageName] WindowsEditor [ProjectName] Editor" joined alternative multi-casting on [225.0.0.222:34997]...

Refreshing native plugins compatible for Editor in 81.47 ms, found 3 plugins.
Preloading 0 native plugins for Editor in 0.00 ms.
Initialize engine version: 2021.3.15f1 (e8e88683f834)
[Subsystems] Discovering subsystems at path C:/Program Files/Unity/Hub/Editor/2021.3.15f1/Editor/Data/Resources/UnitySubsystems
[Subsystems] Discovering subsystems at path C:/Users/nicol/Documents/SCFG_A02/SCFG_Assignment_Part2/SCFG_A02_RiseOfTheGolems/Assets
GfxDevice: creating device client; threaded=0; jobified=0
Direct3D:
    Version:  Direct3D 11.0 [level 11.1]
    Renderer: NVIDIA GeForce RTX 3060 Laptop GPU (ID=0x2520)
    Vendor:   NVIDIA
    VRAM:     6023 MB
    Driver:   30.0.15.1165
Initialize mono
Mono path[0] = 'C:/Program Files/Unity/Hub/Editor/2021.3.15f1/Editor/Data/Managed'
Mono path[1] = 'C:/Program Files/Unity/Hub/Editor/2021.3.15f1/Editor/Data/MonoBleedingEdge/lib/mono/unityjit-win32'
Mono config path = 'C:/Program Files/Unity/Hub/Editor/2021.3.15f1/Editor/Data/MonoBleedingEdge/etc'
Using monoOptions --debugger-agent=transport=dt_socket,embedding=1,server=y,suspend=n,address=127.0.0.1:56788
Begin MonoManager ReloadAssembly
Registering precompiled unity dll's ...
Register platform support module: C:/Program Files/Unity/Hub/Editor/2021.3.15f1/Editor/Data/PlaybackEngines/AndroidPlayer/UnityEditor.Android.Extensions.dll
Register platform support module: C:/Program Files/Unity/Hub/Editor/2021.3.15f1/Editor/Data/PlaybackEngines/WindowsStandaloneSupport/UnityEditor.WindowsStandalone.Extensions.dll
Registered in 0.005869 seconds.
Native extension for WindowsStandalone target not found
Native extension for Android target not found
Android SDK Build-tools component is not found. Make sure all tools are installed in the SDK manager. Latest supported build-tools version is 30.0.3
UnityEngine.StackTraceUtility:ExtractStackTrace ()
UnityEngine.DebugLogHandler:LogFormat (UnityEngine.LogType,UnityEngine.Object,string,object[])
UnityEngine.Logger:Log (UnityEngine.LogType,object)
UnityEngine.Debug:LogError (object)
UnityEditor.Android.AndroidSDKTools:UpdateToolsDirectories ()
UnityEditor.Android.AndroidSDKTools:.ctor (string)
UnityEditor.Android.AndroidSDKTools:CreateAndroidSDKTools (string)
UnityEditor.Android.AndroidSDKTools:GetInstance<UnityEditor.Android.AndroidSDKTools> (UnityEditor.Android.AndroidSDKTools/InstanceCreator)
UnityEditor.Android.AndroidSDKTools:GetInstance ()
UnityEditor.Android.AndroidDeploymentTargetsExtension:GetMainThreadContext (bool)
UnityEditor.Android.TargetExtension:OnUsbDevicesChanged (UnityEditor.Hardware.UsbDevice[])
UnityEditor.Android.TargetExtension:OnLoad ()
UnityEditor.Modules.ModuleManager:InitializePlatformSupportModules ()

Refreshing native plugins compatible for Editor in 111.97 ms, found 3 plugins.
Preloading 0 native plugins for Editor in 0.00 ms.
Mono: successfully reloaded assembly
- Completed reload, in  0.810 seconds
Domain Reload Profiling:
	ReloadAssembly (811ms)
		BeginReloadAssembly (123ms)
			ExecutionOrderSort (0ms)
			DisableScriptedObjects (0ms)
			BackupInstance (0ms)
			ReleaseScriptingObjects (0ms)
			CreateAndSetChildDomain (1ms)
		EndReloadAssembly (543ms)
			LoadAssemblies (121ms)
			RebuildTransferFunctionScriptingTraits (0ms)
			SetupTypeCache (139ms)
			ReleaseScriptCaches (0ms)
			RebuildScriptCaches (33ms)
			SetupLoadedEditorAssemblies (308ms)
				LogAssemblyErrors (0ms)
				InitializePlatformSupportModulesInManaged (61ms)
				SetLoadedEditorAssemblies (0ms)
				RefreshPlugins (112ms)
				BeforeProcessingInitializeOnLoad (1ms)
				ProcessInitializeOnLoadAttributes (92ms)
				ProcessInitializeOnLoadMethodAttributes (41ms)
				AfterProcessingInitializeOnLoad (0ms)
				EditorAssembliesLoaded (0ms)
			ExecutionOrderSort2 (0ms)
			AwakeInstancesAfterBackupRestoration (0ms)
Platform modules already initialized, skipping
Registering precompiled user dll's ...
Registered in 0.005643 seconds.
Begin MonoManager ReloadAssembly
Symbol file LoadedFromMemory doesn't match image C:\Users\nicol\Documents\SCFG_A02\SCFG_Assignment_Part2\SCFG_A02_RiseOfTheGolems\Library\PackageCache\com.unity.visualscripting@1.7.8\Editor\VisualScripting.Core\Dependencies\YamlDotNet\Unity.VisualScripting.YamlDotNet.dll
Symbol file LoadedFromMemory doesn't match image C:\Users\nicol\Documents\SCFG_A02\SCFG_Assignment_Part2\SCFG_A02_RiseOfTheGolems\Library\PackageCache\com.unity.visualscripting@1.7.8\Editor\VisualScripting.Core\Dependencies\DotNetZip\Unity.VisualScripting.IonicZip.dll
Native extension for WindowsStandalone target not found
Native extension for Android target not found
Refreshing native plugins compatible for Editor in 0.72 ms, found 3 plugins.
Preloading 0 native plugins for Editor in 0.00 ms.
Mono: successfully reloaded assembly
- Completed reload, in  1.093 seconds
Domain Reload Profiling:
	ReloadAssembly (1094ms)
		BeginReloadAssembly (110ms)
			ExecutionOrderSort (0ms)
			DisableScriptedObjects (6ms)
			BackupInstance (0ms)
			ReleaseScriptingObjects (0ms)
			CreateAndSetChildDomain (21ms)
		EndReloadAssembly (873ms)
			LoadAssemblies (88ms)
			RebuildTransferFunctionScriptingTraits (0ms)
			SetupTypeCache (270ms)
			ReleaseScriptCaches (1ms)
			RebuildScriptCaches (57ms)
			SetupLoadedEditorAssemblies (423ms)
				LogAssemblyErrors (0ms)
				InitializePlatformSupportModulesInManaged (14ms)
				SetLoadedEditorAssemblies (0ms)
				RefreshPlugins (1ms)
				BeforeProcessingInitializeOnLoad (112ms)
				ProcessInitializeOnLoadAttributes (261ms)
				ProcessInitializeOnLoadMethodAttributes (26ms)
				AfterProcessingInitializeOnLoad (8ms)
				EditorAssembliesLoaded (0ms)
			ExecutionOrderSort2 (0ms)
			AwakeInstancesAfterBackupRestoration (7ms)
Platform modules already initialized, skipping
========================================================================
Worker process is ready to serve import requests
Launched and connected shader compiler UnityShaderCompiler.exe after 0.05 seconds
Refreshing native plugins compatible for Editor in 1.06 ms, found 3 plugins.
Preloading 0 native plugins for Editor in 0.00 ms.
Unloading 3381 Unused Serialized files (Serialized files now loaded: 0)
Unloading 27 unused Assets / (113.7 KB). Loaded Objects now: 3867.
Memory consumption went from 135.3 MB to 135.1 MB.
Total: 3.767300 ms (FindLiveObjects: 0.304200 ms CreateObjectMapping: 0.196700 ms MarkObjects: 3.176400 ms  DeleteObjects: 0.088800 ms)

AssetImportParameters requested are different than current active one (requested -> active):
  custom:video-decoder-ogg-theora: a1e56fd34408186e4bbccfd4996cb3dc -> 
  custom:container-muxer-webm: aa71ff27fc2769a1b78a27578f13a17b -> 
  custom:container-demuxer-webm: 4f35f7cbe854078d1ac9338744f61a02 -> 
  custom:video-encoder-webm-vp8: eb34c28f22e8b96e1ab97ce403110664 -> 
  custom:video-codec-MediaFoundation-h265: 746d11721c4dcdbdad8f713fa42b33f4 -> 
  custom:audio-encoder-webm-vorbis: bf7c407c2cedff20999df2af8eb42d56 -> 
  custom:framework-win-MediaFoundation: 216162199b28c13a410421893ffa2e32 -> 
  custom:container-demuxer-ogg: 62fdf1f143b41e24485cea50d1cbac27 -> 
  custom:video-decoder-webm-vp8: 9c59270c3fd7afecdb556c50c9e8de78 -> 
  custom:audio-decoder-ogg-vorbis: bf7c407c2cedff20999df2af8eb42d56 -> 
========================================================================
Received Import Request.
  Time since last request: 587091.174182 seconds.
  path: Assets/Destroyed_city_FREE/Standard Assets/Light Flares/Sources/Textures/50mmflare.psd
  artifactKey: Guid(07b085a8da269f843aa8afb9a49ac8be) Importer(815301076,1909f56bfc062723c751e8b465ee728b)
Start importing Assets/Destroyed_city_FREE/Standard Assets/Light Flares/Sources/Textures/50mmflare.psd using Guid(07b085a8da269f843aa8afb9a49ac8be) Importer(815301076,1909f56bfc062723c751e8b465ee728b)  -> (artifact id: '71d18f4713307f04dd2ca20509c35393') in 0.166285 seconds 
========================================================================
Received Import Request.
  Time since last request: 2.484517 seconds.
  path: Assets/LowPolyFPSPack/Components/Textures_&_Sprites/Particles/bullet_glow_texture_bg.png
  artifactKey: Guid(d42b56c1ec6975a47939b051c571a02c) Importer(815301076,1909f56bfc062723c751e8b465ee728b)
Start importing Assets/LowPolyFPSPack/Components/Textures_&_Sprites/Particles/bullet_glow_texture_bg.png using Guid(d42b56c1ec6975a47939b051c571a02c) Importer(815301076,1909f56bfc062723c751e8b465ee728b)  -> (artifact id: '461cfd67be817d2b4d52113a40d0491c') in 0.028167 seconds 
========================================================================
Received Import Request.
  Time since last request: 3.161377 seconds.
  path: Packages/com.unity.collab-proxy/Editor/Collaborate/Assets/Icons/collaborate-warning-dark.png
  artifactKey: Guid(0e3edcdf6743ba643999fb3882f1cc15) Importer(815301076,1909f56bfc062723c751e8b465ee728b)
Start importing Packages/com.unity.collab-proxy/Editor/Collaborate/Assets/Icons/collaborate-warning-dark.png using Guid(0e3edcdf6743ba643999fb3882f1cc15) Importer(815301076,1909f56bfc062723c751e8b465ee728b)  -> (artifact id: '75c9a32289797f666b3c91c38484bfc7') in 0.022941 seconds 
========================================================================
Received Import Request.
  Time since last request: 0.028425 seconds.
  path: Packages/com.unity.collab-proxy/Editor/Collaborate/Assets/Icons/collaborate-warning-light.png
  artifactKey: Guid(1e80543db0ef9494a9c1777f01e1a4a0) Importer(815301076,1909f56bfc062723c751e8b465ee728b)
Start importing Packages/com.unity.collab-proxy/Editor/Collaborate/Assets/Icons/collaborate-warning-light.png using Guid(1e80543db0ef9494a9c1777f01e1a4a0) Importer(815301076,1909f56bfc062723c751e8b465ee728b)  -> (artifact id: 'a8eee05beaeb4204ce37b3cc42b3c4dd') in 0.039433 seconds 
========================================================================
Received Import Request.
  Time since last request: 14.043904 seconds.
  path: Assets/AssetPacks/Destroyed_city_FREE/Textures/Terrain Grass/Grass.psd
  artifactKey: Guid(5af0f1d78a576604b9b397d7e4d225c6) Importer(815301076,1909f56bfc062723c751e8b465ee728b)
Start importing Assets/AssetPacks/Destroyed_city_FREE/Textures/Terrain Grass/Grass.psd using Guid(5af0f1d78a576604b9b397d7e4d225c6) Importer(815301076,1909f56bfc062723c751e8b465ee728b)  -> (artifact id: '4585be678b732963f0d749ed6939b178') in 0.025614 seconds 
========================================================================
Received Import Request.
  Time since last request: 0.000028 seconds.
  path: Assets/AssetPacks/Destroyed_city_FREE/Standard Assets/Water (Pro Only)/Sources/Textures/oceangradientcube.psd
  artifactKey: Guid(227d8c8de8868e94f821db2d7bd8c0f4) Importer(815301076,1909f56bfc062723c751e8b465ee728b)
Start importing Assets/AssetPacks/Destroyed_city_FREE/Standard Assets/Water (Pro Only)/Sources/Textures/oceangradientcube.psd using Guid(227d8c8de8868e94f821db2d7bd8c0f4) Importer(815301076,1909f56bfc062723c751e8b465ee728b)  -> (artifact id: 'f8c8e98416b46156271363056e96367b') in 0.104554 seconds 
========================================================================
Received Import Request.
  Time since last request: 27.804011 seconds.
  path: Assets/AssetPacks/Destroyed_city_FREE/Textures/NewLayer 1.terrainlayer
  artifactKey: Guid(52f558f751cfbf34e87550427c3a5d12) Importer(815301076,1909f56bfc062723c751e8b465ee728b)
Start importing Assets/AssetPacks/Destroyed_city_FREE/Textures/NewLayer 1.terrainlayer using Guid(52f558f751cfbf34e87550427c3a5d12) Importer(815301076,1909f56bfc062723c751e8b465ee728b)  -> (artifact id: '346c44360d50d838915ee9e7688dbb60') in 0.026836 seconds 
========================================================================
Received Import Request.
  Time since last request: 34.181194 seconds.
  path: Assets/Destroyed_city_FREE/Scenes
  artifactKey: Guid(874b34fe3b98a1e4aa7bab7c60424a4a) Importer(815301076,1909f56bfc062723c751e8b465ee728b)
Start importing Assets/Destroyed_city_FREE/Scenes using Guid(874b34fe3b98a1e4aa7bab7c60424a4a) Importer(815301076,1909f56bfc062723c751e8b465ee728b)  -> (artifact id: '7acf3332fdbde9e5353127e6e3621209') in 0.002943 seconds 
========================================================================
Received Import Request.
  Time since last request: 2.802051 seconds.
  path: Assets/Destroyed_city_FREE/Materials/beton_01.mat
  artifactKey: Guid(2688d84c2c2f61f4eaa7c0457aefba9d) Importer(815301076,1909f56bfc062723c751e8b465ee728b)
Start importing Assets/Destroyed_city_FREE/Materials/beton_01.mat using Guid(2688d84c2c2f61f4eaa7c0457aefba9d) Importer(815301076,1909f56bfc062723c751e8b465ee728b)  -> (artifact id: 'fd9f6b2646b4f28a5b70592983a848b0') in 0.077147 seconds 
========================================================================
Received Import Request.
  Time since last request: 0.000035 seconds.
  path: Assets/Destroyed_city_FREE/Materials
  artifactKey: Guid(b840861c5e4301147b46cea794f3e2ae) Importer(815301076,1909f56bfc062723c751e8b465ee728b)
Start importing Assets/Destroyed_city_FREE/Materials using Guid(b840861c5e4301147b46cea794f3e2ae) Importer(815301076,1909f56bfc062723c751e8b465ee728b)  -> (artifact id: '3ac8200b18f629cb129d7873a2dec92b') in 0.002844 seconds 
========================================================================
Received Import Request.
  Time since last request: 0.000039 seconds.
  path: Assets/Destroyed_city_FREE/Materials/ground_kaminky2.mat
  artifactKey: Guid(5bf4e0eed6964b14e8db339155a98846) Importer(815301076,1909f56bfc062723c751e8b465ee728b)
Start importing Assets/Destroyed_city_FREE/Materials/ground_kaminky2.mat using Guid(5bf4e0eed6964b14e8db339155a98846) Importer(815301076,1909f56bfc062723c751e8b465ee728b)  -> (artifact id: '54f0e20bd2b77ec7a7e36812a1b14757') in 0.025155 seconds 
========================================================================
Received Import Request.
  Time since last request: 12.437178 seconds.
  path: Assets/Destroyed_city_FREE/Standard Assets
  artifactKey: Guid(ec778b9ccca9aad42902d35d9cf95137) Importer(815301076,1909f56bfc062723c751e8b465ee728b)
Start importing Assets/Destroyed_city_FREE/Standard Assets using Guid(ec778b9ccca9aad42902d35d9cf95137) Importer(815301076,1909f56bfc062723c751e8b465ee728b)  -> (artifact id: '6532961771f524f2358492d46b21bc87') in 0.004171 seconds 
========================================================================
Received Import Request.
  Time since last request: 1.669507 seconds.
  path: Assets/Destroyed_city_FREE/Standard Assets/Water (Pro Only)
  artifactKey: Guid(5bd85cc28c429044b84fdea2ff6544eb) Importer(815301076,1909f56bfc062723c751e8b465ee728b)
Start importing Assets/Destroyed_city_FREE/Standard Assets/Water (Pro Only) using Guid(5bd85cc28c429044b84fdea2ff6544eb) Importer(815301076,1909f56bfc062723c751e8b465ee728b)  -> (artifact id: 'faa2e9715096b9af631c5578f85da7d0') in 0.002691 seconds 
========================================================================
Received Prepare
Registering precompiled user dll's ...
Registered in 0.005329 seconds.
Begin MonoManager ReloadAssembly
Symbol file LoadedFromMemory doesn't match image C:\Users\nicol\Documents\SCFG_A02\SCFG_Assignment_Part2\SCFG_A02_RiseOfTheGolems\Library\PackageCache\com.unity.visualscripting@1.7.8\Editor\VisualScripting.Core\Dependencies\YamlDotNet\Unity.VisualScripting.YamlDotNet.dll
Symbol file LoadedFromMemory doesn't match image C:\Users\nicol\Documents\SCFG_A02\SCFG_Assignment_Part2\SCFG_A02_RiseOfTheGolems\Library\PackageCache\com.unity.visualscripting@1.7.8\Editor\VisualScripting.Core\Dependencies\DotNetZip\Unity.VisualScripting.IonicZip.dll
Native extension for WindowsStandalone target not found
Native extension for Android target not found
Refreshing native plugins compatible for Editor in 0.65 ms, found 3 plugins.
Preloading 0 native plugins for Editor in 0.00 ms.
Mono: successfully reloaded assembly
- Completed reload, in  1.069 seconds
Domain Reload Profiling:
	ReloadAssembly (1069ms)
		BeginReloadAssembly (182ms)
			ExecutionOrderSort (0ms)
			DisableScriptedObjects (4ms)
			BackupInstance (0ms)
			ReleaseScriptingObjects (0ms)
			CreateAndSetChildDomain (48ms)
		EndReloadAssembly (765ms)
			LoadAssemblies (133ms)
			RebuildTransferFunctionScriptingTraits (0ms)
			SetupTypeCache (291ms)
			ReleaseScriptCaches (2ms)
			RebuildScriptCaches (43ms)
			SetupLoadedEditorAssemblies (299ms)
				LogAssemblyErrors (0ms)
				InitializePlatformSupportModulesInManaged (18ms)
				SetLoadedEditorAssemblies (1ms)
				RefreshPlugins (1ms)
				BeforeProcessingInitializeOnLoad (64ms)
				ProcessInitializeOnLoadAttributes (184ms)
				ProcessInitializeOnLoadMethodAttributes (23ms)
				AfterProcessingInitializeOnLoad (8ms)
				EditorAssembliesLoaded (0ms)
			ExecutionOrderSort2 (0ms)
			AwakeInstancesAfterBackupRestoration (6ms)
Platform modules already initialized, skipping
Refreshing native plugins compatible for Editor in 2.63 ms, found 3 plugins.
Preloading 0 native plugins for Editor in 0.00 ms.
Unloading 3370 Unused Serialized files (Serialized files now loaded: 0)
Unloading 22 unused Assets / (80.1 KB). Loaded Objects now: 3917.
Memory consumption went from 139.4 MB to 139.4 MB.
Total: 4.027300 ms (FindLiveObjects: 0.274700 ms CreateObjectMapping: 0.124300 ms MarkObjects: 3.520000 ms  DeleteObjects: 0.107100 ms)

AssetImportParameters requested are different than current active one (requested -> active):
  custom:video-decoder-ogg-theora: a1e56fd34408186e4bbccfd4996cb3dc -> 
  custom:container-muxer-webm: aa71ff27fc2769a1b78a27578f13a17b -> 
  custom:container-demuxer-webm: 4f35f7cbe854078d1ac9338744f61a02 -> 
  custom:video-encoder-webm-vp8: eb34c28f22e8b96e1ab97ce403110664 -> 
  custom:video-codec-MediaFoundation-h265: 746d11721c4dcdbdad8f713fa42b33f4 -> 
  custom:audio-encoder-webm-vorbis: bf7c407c2cedff20999df2af8eb42d56 -> 
  custom:framework-win-MediaFoundation: 216162199b28c13a410421893ffa2e32 -> 
  custom:container-demuxer-ogg: 62fdf1f143b41e24485cea50d1cbac27 -> 
  custom:video-decoder-webm-vp8: 9c59270c3fd7afecdb556c50c9e8de78 -> 
  custom:audio-decoder-ogg-vorbis: bf7c407c2cedff20999df2af8eb42d56 -> 
========================================================================
Received Import Request.
  Time since last request: 39.553839 seconds.
  path: Assets/Scenes/New Terrain 2.asset
  artifactKey: Guid(368ebbfbb38ab3d4e9005de6477b9c1b) Importer(815301076,1909f56bfc062723c751e8b465ee728b)
Start importing Assets/Scenes/New Terrain 2.asset using Guid(368ebbfbb38ab3d4e9005de6477b9c1b) Importer(815301076,1909f56bfc062723c751e8b465ee728b)  -> (artifact id: '056197a09511efeca6ddd15e015b2915') in 0.244028 seconds 
========================================================================
Received Import Request.
  Time since last request: 4.282624 seconds.
  path: Assets/Prefabs/building_lrg.prefab
  artifactKey: Guid(a413a2d65431c494e9a9937d0e545082) Importer(815301076,1909f56bfc062723c751e8b465ee728b)
Start importing Assets/Prefabs/building_lrg.prefab using Guid(a413a2d65431c494e9a9937d0e545082) Importer(815301076,1909f56bfc062723c751e8b465ee728b)  -> (artifact id: '7d2a7d5539a3412e5c1fb81b2b3de643') in 0.097284 seconds 
========================================================================
Received Import Request.
  Time since last request: 0.000023 seconds.
  path: Assets/Prefabs/troska_A.prefab
  artifactKey: Guid(916bc8a95b0b7804fa2fa4bca8b2292c) Importer(815301076,1909f56bfc062723c751e8b465ee728b)
Start importing Assets/Prefabs/troska_A.prefab using Guid(916bc8a95b0b7804fa2fa4bca8b2292c) Importer(815301076,1909f56bfc062723c751e8b465ee728b)  -> (artifact id: '1b06812c468baafa257e980d836abc29') in 0.033091 seconds 
========================================================================
Received Import Request.
  Time since last request: 0.000031 seconds.
  path: Assets/Prefabs/Enemy_Prefab.prefab
  artifactKey: Guid(95e49605534b989439c757e99675f6e5) Importer(815301076,1909f56bfc062723c751e8b465ee728b)
Start importing Assets/Prefabs/Enemy_Prefab.prefab using Guid(95e49605534b989439c757e99675f6e5) Importer(815301076,1909f56bfc062723c751e8b465ee728b)  -> (artifact id: '321524acf2203180959b6388affb82ff') in 0.004660 seconds 
========================================================================
Received Import Request.
  Time since last request: 3.132949 seconds.
  path: Assets/LowPolyFPSPack
  artifactKey: Guid(09ac915c1663b4d49bdbdec8f8fcf85b) Importer(815301076,1909f56bfc062723c751e8b465ee728b)
Start importing Assets/LowPolyFPSPack using Guid(09ac915c1663b4d49bdbdec8f8fcf85b) Importer(815301076,1909f56bfc062723c751e8b465ee728b)  -> (artifact id: '4917c9a90fe7d81f3ea93d593a90e9d7') in 0.003635 seconds 
========================================================================
Received Import Request.
  Time since last request: 7.727477 seconds.
  path: Assets/AssetPacks/Destroyed_city_FREE/Materials
  artifactKey: Guid(07c70412f1cd1a84d86046f7a75de13d) Importer(815301076,1909f56bfc062723c751e8b465ee728b)
Start importing Assets/AssetPacks/Destroyed_city_FREE/Materials using Guid(07c70412f1cd1a84d86046f7a75de13d) Importer(815301076,1909f56bfc062723c751e8b465ee728b)  -> (artifact id: 'd904bd1f3ee5ec82f84082816e0f94bc') in 0.004831 seconds 
========================================================================
Received Import Request.
  Time since last request: 0.000036 seconds.
  path: Assets/AssetPacks/Destroyed_city_FREE/Materials/beton_01.mat
  artifactKey: Guid(742317de03b71f647bde5bbdaef63954) Importer(815301076,1909f56bfc062723c751e8b465ee728b)
Start importing Assets/AssetPacks/Destroyed_city_FREE/Materials/beton_01.mat using Guid(742317de03b71f647bde5bbdaef63954) Importer(815301076,1909f56bfc062723c751e8b465ee728b)  -> (artifact id: 'a473d7745e811aa2968794ee5a14c0e7') in 0.039723 seconds 
========================================================================
Received Import Request.
  Time since last request: 0.000017 seconds.
  path: Assets/AssetPacks/Destroyed_city_FREE/Materials/ground_kaminky2.mat
  artifactKey: Guid(e781081287d38324aa6d4a3d6ee00490) Importer(815301076,1909f56bfc062723c751e8b465ee728b)
Start importing Assets/AssetPacks/Destroyed_city_FREE/Materials/ground_kaminky2.mat using Guid(e781081287d38324aa6d4a3d6ee00490) Importer(815301076,1909f56bfc062723c751e8b465ee728b)  -> (artifact id: 'cfb10edf71fcfe62d6e64d8c78733cad') in 0.026313 seconds 
========================================================================
Received Import Request.
  Time since last request: 40.591392 seconds.
  path: Assets/AssetPacks/Destroyed_city_FREE/Standard Assets
  artifactKey: Guid(5f787d4bfdc7a3749926d4a19794dc64) Importer(815301076,1909f56bfc062723c751e8b465ee728b)
Start importing Assets/AssetPacks/Destroyed_city_FREE/Standard Assets using Guid(5f787d4bfdc7a3749926d4a19794dc64) Importer(815301076,1909f56bfc062723c751e8b465ee728b)  -> (artifact id: '329474b27195b4b211351d83a29238bd') in 0.002667 seconds 
========================================================================
Received Import Request.
  Time since last request: 2.368226 seconds.
  path: Assets/AssetPacks/Destroyed_city_FREE/Standard Assets/Character Controllers
  artifactKey: Guid(760e288c89d699e4ab6b374e4c8c686e) Importer(815301076,1909f56bfc062723c751e8b465ee728b)
Start importing Assets/AssetPacks/Destroyed_city_FREE/Standard Assets/Character Controllers using Guid(760e288c89d699e4ab6b374e4c8c686e) Importer(815301076,1909f56bfc062723c751e8b465ee728b)  -> (artifact id: '4781f13ed1b6d94e751b6d27a6aac465') in 0.003550 seconds 
========================================================================
Received Import Request.
  Time since last request: 0.000028 seconds.
  path: Assets/AssetPacks/Destroyed_city_FREE/Standard Assets/Character Controllers/First Person Controller.prefab
  artifactKey: Guid(9d4133d5d30b644bd87802a347eaccbe) Importer(815301076,1909f56bfc062723c751e8b465ee728b)
Start importing Assets/AssetPacks/Destroyed_city_FREE/Standard Assets/Character Controllers/First Person Controller.prefab using Guid(9d4133d5d30b644bd87802a347eaccbe) Importer(815301076,1909f56bfc062723c751e8b465ee728b)  -> (artifact id: '17733dac514fcb50c9ec2a6a45e2b0b4') in 0.028185 seconds 
========================================================================
Received Import Request.
  Time since last request: 11.066896 seconds.
  path: Assets/AssetPacks/Destroyed_city_FREE/Standard Assets/Character Controllers/Sources
  artifactKey: Guid(6af50f0e469ea80478010482dabb19f0) Importer(815301076,1909f56bfc062723c751e8b465ee728b)
Start importing Assets/AssetPacks/Destroyed_city_FREE/Standard Assets/Character Controllers/Sources using Guid(6af50f0e469ea80478010482dabb19f0) Importer(815301076,1909f56bfc062723c751e8b465ee728b)  -> (artifact id: '23d5ab0bf1c9e71809072636e2beea80') in 0.002278 seconds 
========================================================================
Received Import Request.
  Time since last request: 1.224190 seconds.
  path: Assets/AssetPacks/Destroyed_city_FREE/Standard Assets/Character Controllers/Sources/Scripts
  artifactKey: Guid(8e4bfe0d511f3b04393164e86354a368) Importer(815301076,1909f56bfc062723c751e8b465ee728b)
Start importing Assets/AssetPacks/Destroyed_city_FREE/Standard Assets/Character Controllers/Sources/Scripts using Guid(8e4bfe0d511f3b04393164e86354a368) Importer(815301076,1909f56bfc062723c751e8b465ee728b)  -> (artifact id: '670ef67330335bb6669bd050ab30d36d') in 0.003270 seconds 
========================================================================
Received Import Request.
  Time since last request: 137.876787 seconds.
  path: Assets/AssetPacks/Mini Legion Rock Golem PBR HP Polyart
  artifactKey: Guid(6ce8448dedc12074588d27d30b247186) Importer(815301076,1909f56bfc062723c751e8b465ee728b)
Start importing Assets/AssetPacks/Mini Legion Rock Golem PBR HP Polyart using Guid(6ce8448dedc12074588d27d30b247186) Importer(815301076,1909f56bfc062723c751e8b465ee728b)  -> (artifact id: 'bf560976d55565b9894b671af1eb48f2') in 0.003123 seconds 
========================================================================
Received Import Request.
  Time since last request: 1.427997 seconds.
  path: Assets/AssetPacks/Mini Legion Rock Golem PBR HP Polyart/Prefabs
  artifactKey: Guid(12411cabe7e49bf418c82f42f2f9f75a) Importer(815301076,1909f56bfc062723c751e8b465ee728b)
Start importing Assets/AssetPacks/Mini Legion Rock Golem PBR HP Polyart/Prefabs using Guid(12411cabe7e49bf418c82f42f2f9f75a) Importer(815301076,1909f56bfc062723c751e8b465ee728b)  -> (artifact id: '9ba0e6174aca5b5ca56c95310c44d2ba') in 0.004253 seconds 
========================================================================
Received Import Request.
  Time since last request: 0.000031 seconds.
  path: Assets/AssetPacks/Mini Legion Rock Golem PBR HP Polyart/Prefabs/HP_Rock.prefab
  artifactKey: Guid(4bf449b1b6e781140a548b42020600f6) Importer(815301076,1909f56bfc062723c751e8b465ee728b)
Start importing Assets/AssetPacks/Mini Legion Rock Golem PBR HP Polyart/Prefabs/HP_Rock.prefab using Guid(4bf449b1b6e781140a548b42020600f6) Importer(815301076,1909f56bfc062723c751e8b465ee728b)  -> (artifact id: '8137ebb4aee503a040225a9796ef3f26') in 0.232667 seconds 
========================================================================
Received Import Request.
  Time since last request: 0.000022 seconds.
  path: Assets/AssetPacks/Mini Legion Rock Golem PBR HP Polyart/Prefabs/Polyart_Rock.prefab
  artifactKey: Guid(cad9f745870d9f448bf225d2a253d382) Importer(815301076,1909f56bfc062723c751e8b465ee728b)
Start importing Assets/AssetPacks/Mini Legion Rock Golem PBR HP Polyart/Prefabs/Polyart_Rock.prefab using Guid(cad9f745870d9f448bf225d2a253d382) Importer(815301076,1909f56bfc062723c751e8b465ee728b)  -> (artifact id: '8027f5cc9d0b6c7d510805ef78425b25') in 0.021111 seconds 
========================================================================
Received Import Request.
  Time since last request: 0.000025 seconds.
  path: Assets/AssetPacks/Mini Legion Rock Golem PBR HP Polyart/Prefabs/PBR_Rock.prefab
  artifactKey: Guid(71497ec4178769a4c8cdb38563f01fc0) Importer(815301076,1909f56bfc062723c751e8b465ee728b)
Start importing Assets/AssetPacks/Mini Legion Rock Golem PBR HP Polyart/Prefabs/PBR_Rock.prefab using Guid(71497ec4178769a4c8cdb38563f01fc0) Importer(815301076,1909f56bfc062723c751e8b465ee728b)  -> (artifact id: 'b49099f51e17398ea1a395d9c8d97963') in 0.334228 seconds 
========================================================================
Received Prepare
Registering precompiled user dll's ...
Registered in 0.005594 seconds.
Begin MonoManager ReloadAssembly
Symbol file LoadedFromMemory doesn't match image C:\Users\nicol\Documents\SCFG_A02\SCFG_Assignment_Part2\SCFG_A02_RiseOfTheGolems\Library\PackageCache\com.unity.visualscripting@1.7.8\Editor\VisualScripting.Core\Dependencies\YamlDotNet\Unity.VisualScripting.YamlDotNet.dll
Symbol file LoadedFromMemory doesn't match image C:\Users\nicol\Documents\SCFG_A02\SCFG_Assignment_Part2\SCFG_A02_RiseOfTheGolems\Library\PackageCache\com.unity.visualscripting@1.7.8\Editor\VisualScripting.Core\Dependencies\DotNetZip\Unity.VisualScripting.IonicZip.dll
Native extension for WindowsStandalone target not found
Native extension for Android target not found
Refreshing native plugins compatible for Editor in 0.95 ms, found 3 plugins.
Preloading 0 native plugins for Editor in 0.00 ms.
Mono: successfully reloaded assembly
- Completed reload, in  1.178 seconds
Domain Reload Profiling:
	ReloadAssembly (1179ms)
		BeginReloadAssembly (156ms)
			ExecutionOrderSort (0ms)
			DisableScriptedObjects (6ms)
			BackupInstance (0ms)
			ReleaseScriptingObjects (0ms)
			CreateAndSetChildDomain (48ms)
		EndReloadAssembly (910ms)
			LoadAssemblies (123ms)
			RebuildTransferFunctionScriptingTraits (0ms)
			SetupTypeCache (293ms)
			ReleaseScriptCaches (4ms)
			RebuildScriptCaches (54ms)
			SetupLoadedEditorAssemblies (378ms)
				LogAssemblyErrors (0ms)
				InitializePlatformSupportModulesInManaged (28ms)
				SetLoadedEditorAssemblies (1ms)
				RefreshPlugins (1ms)
				BeforeProcessingInitializeOnLoad (66ms)
				ProcessInitializeOnLoadAttributes (254ms)
				ProcessInitializeOnLoadMethodAttributes (23ms)
				AfterProcessingInitializeOnLoad (7ms)
				EditorAssembliesLoaded (0ms)
			ExecutionOrderSort2 (0ms)
			AwakeInstancesAfterBackupRestoration (6ms)
Platform modules already initialized, skipping
Refreshing native plugins compatible for Editor in 1.87 ms, found 3 plugins.
Preloading 0 native plugins for Editor in 0.00 ms.
Unloading 3370 Unused Serialized files (Serialized files now loaded: 0)
Unloading 21 unused Assets / (81.1 KB). Loaded Objects now: 3923.
Memory consumption went from 140.3 MB to 140.2 MB.
Total: 4.258700 ms (FindLiveObjects: 0.426500 ms CreateObjectMapping: 0.140300 ms MarkObjects: 3.589900 ms  DeleteObjects: 0.100900 ms)

AssetImportParameters requested are different than current active one (requested -> active):
  custom:video-decoder-ogg-theora: a1e56fd34408186e4bbccfd4996cb3dc -> 
  custom:container-muxer-webm: aa71ff27fc2769a1b78a27578f13a17b -> 
  custom:container-demuxer-webm: 4f35f7cbe854078d1ac9338744f61a02 -> 
  custom:video-encoder-webm-vp8: eb34c28f22e8b96e1ab97ce403110664 -> 
  custom:video-codec-MediaFoundation-h265: 746d11721c4dcdbdad8f713fa42b33f4 -> 
  custom:audio-encoder-webm-vorbis: bf7c407c2cedff20999df2af8eb42d56 -> 
  custom:framework-win-MediaFoundation: 216162199b28c13a410421893ffa2e32 -> 
  custom:container-demuxer-ogg: 62fdf1f143b41e24485cea50d1cbac27 -> 
  custom:video-decoder-webm-vp8: 9c59270c3fd7afecdb556c50c9e8de78 -> 
  custom:audio-decoder-ogg-vorbis: bf7c407c2cedff20999df2af8eb42d56 -> 
Editor requested this worker to shutdown with reason: Scaling down because of idle timeout
AssetImportWorker is now disconnected from the server
Process exiting
Exiting without the bug reporter. Application will terminate with return code 0